Performing C SOURCE FILE Test MULTIPASS_TEST_1_petsc_works_minimal failed with the following compile output:
Change Dir: /home/matheus/Matheus/Modelos-Turbulencia/build/CMakeFiles/CMakeTmp

Run Build Command(s):/usr/bin/gmake -f Makefile cmTC_10a88/fast && /usr/bin/gmake  -f CMakeFiles/cmTC_10a88.dir/build.make CMakeFiles/cmTC_10a88.dir/build
gmake[1]: Entrando no diretório '/home/matheus/Matheus/Modelos-Turbulencia/build/CMakeFiles/CMakeTmp'
Building C object CMakeFiles/cmTC_10a88.dir/src.c.o
/usr/bin/cc -DMULTIPASS_TEST_1_petsc_works_minimal -I/home/matheus/petsc/petsc-3.18.3/arch-linux2-c-debug/include -I/home/matheus/petsc/petsc-3.18.3/include  -o CMakeFiles/cmTC_10a88.dir/src.c.o -c /home/matheus/Matheus/Modelos-Turbulencia/build/CMakeFiles/CMakeTmp/src.c
In file included from /home/matheus/petsc/petsc-3.18.3/include/petscvec.h:9,
                 from /home/matheus/petsc/petsc-3.18.3/include/petscmat.h:7,
                 from /home/matheus/petsc/petsc-3.18.3/include/petscpc.h:7,
                 from /home/matheus/petsc/petsc-3.18.3/include/petscksp.h:7,
                 from /home/matheus/petsc/petsc-3.18.3/include/petscsnes.h:7,
                 from /home/matheus/petsc/petsc-3.18.3/include/petscts.h:8,
                 from /home/matheus/Matheus/Modelos-Turbulencia/build/CMakeFiles/CMakeTmp/src.c:3:
/home/matheus/petsc/petsc-3.18.3/include/petscsys.h:66:12: fatal error: mpi.h: Arquivo ou diretório inexistente
   66 |   #include <mpi.h>
      |            ^~~~~~~
compilation terminated.
gmake[1]: *** [CMakeFiles/cmTC_10a88.dir/build.make:78: CMakeFiles/cmTC_10a88.dir/src.c.o] Erro 1
gmake[1]: Saindo do diretório '/home/matheus/Matheus/Modelos-Turbulencia/build/CMakeFiles/CMakeTmp'
gmake: *** [Makefile:127: cmTC_10a88/fast] Erro 2


...and run output:

Return value: 1
Source file was:

static const char help[] = "PETSc test program.";
#include <petscts.h>
int main(int argc,char *argv[]) {
  PetscErrorCode ierr;
  TS ts;
  ierr = PetscInitialize(&argc,&argv,0,help);CHKERRQ(ierr);
  ierr = TSCreate(PETSC_COMM_WORLD,&ts);CHKERRQ(ierr);
  ierr = TSSetFromOptions(ts);CHKERRQ(ierr);
  ierr = TSDestroy(&ts);CHKERRQ(ierr);
  ierr = PetscFinalize();CHKERRQ(ierr);
  return 0;
}

Performing C SOURCE FILE Test MULTIPASS_TEST_3_petsc_works_minimal failed with the following compile output:
Change Dir: /home/matheus/Matheus/Modelos-Turbulencia/build/CMakeFiles/CMakeTmp

Run Build Command(s):/usr/bin/gmake -f Makefile cmTC_14d5e/fast && /usr/bin/gmake  -f CMakeFiles/cmTC_14d5e.dir/build.make CMakeFiles/cmTC_14d5e.dir/build
gmake[1]: Entrando no diretório '/home/matheus/Matheus/Modelos-Turbulencia/build/CMakeFiles/CMakeTmp'
Building C object CMakeFiles/cmTC_14d5e.dir/src.c.o
/usr/bin/cc -DMULTIPASS_TEST_3_petsc_works_minimal -I/home/matheus/petsc/petsc-3.18.3/arch-linux2-c-debug/include -I/home/matheus/petsc/petsc-3.18.3/include  -o CMakeFiles/cmTC_14d5e.dir/src.c.o -c /home/matheus/Matheus/Modelos-Turbulencia/build/CMakeFiles/CMakeTmp/src.c
In file included from /home/matheus/petsc/petsc-3.18.3/include/petscvec.h:9,
                 from /home/matheus/petsc/petsc-3.18.3/include/petscmat.h:7,
                 from /home/matheus/petsc/petsc-3.18.3/include/petscpc.h:7,
                 from /home/matheus/petsc/petsc-3.18.3/include/petscksp.h:7,
                 from /home/matheus/petsc/petsc-3.18.3/include/petscsnes.h:7,
                 from /home/matheus/petsc/petsc-3.18.3/include/petscts.h:8,
                 from /home/matheus/Matheus/Modelos-Turbulencia/build/CMakeFiles/CMakeTmp/src.c:3:
/home/matheus/petsc/petsc-3.18.3/include/petscsys.h:66:12: fatal error: mpi.h: Arquivo ou diretório inexistente
   66 |   #include <mpi.h>
      |            ^~~~~~~
compilation terminated.
gmake[1]: *** [CMakeFiles/cmTC_14d5e.dir/build.make:78: CMakeFiles/cmTC_14d5e.dir/src.c.o] Erro 1
gmake[1]: Saindo do diretório '/home/matheus/Matheus/Modelos-Turbulencia/build/CMakeFiles/CMakeTmp'
gmake: *** [Makefile:127: cmTC_14d5e/fast] Erro 2


...and run output:

Return value: 1
Source file was:

static const char help[] = "PETSc test program.";
#include <petscts.h>
int main(int argc,char *argv[]) {
  PetscErrorCode ierr;
  TS ts;
  ierr = PetscInitialize(&argc,&argv,0,help);CHKERRQ(ierr);
  ierr = TSCreate(PETSC_COMM_WORLD,&ts);CHKERRQ(ierr);
  ierr = TSSetFromOptions(ts);CHKERRQ(ierr);
  ierr = TSDestroy(&ts);CHKERRQ(ierr);
  ierr = PetscFinalize();CHKERRQ(ierr);
  return 0;
}

